<?xml version="1.0" encoding="UTF-8"?>
<!-- Generated by org.testng.reporters.JUnitReportReporter -->
<testsuite hostname="LAPTOP-JH1AORIL" failures="0" tests="1" name="seleniumBasics.TestNGAnotation" time="0.008" errors="0" timestamp="2025-09-24T14:54:46 IST" skipped="0">
  <testcase classname="seleniumBasics.TestNGAnotation" name="sameTest" time="0.008"/>
</testsuite> <!-- seleniumBasics.TestNGAnotation -->
