<?xml version="1.0" encoding="UTF-8"?>
<!-- Generated by org.testng.reporters.JUnitReportReporter -->
<testsuite hostname="LAPTOP-JH1AORIL" failures="0" tests="1" name="testScripts.LoginTest" time="3.787" errors="0" timestamp="2025-09-30T22:56:06 IST" skipped="0">
  <testcase classname="testScripts.LoginTest" name="verifyWetherUserIsAbleToLoginWithValidCredentials" time="3.787"/>
</testsuite> <!-- testScripts.LoginTest -->
