<?xml version="1.0" encoding="UTF-8"?>
<!-- Generated by org.testng.reporters.JUnitReportReporter -->
<testsuite hostname="LAPTOP-JH1AORIL" failures="0" tests="1" name="testScripts.LoginTest" time="6.469" errors="0" timestamp="2025-09-26T20:43:01 IST" skipped="0">
  <testcase classname="testScripts.LoginTest" name="verifyWetherUserIsAbleToLoginWithValidCredentials" time="6.469"/>
</testsuite> <!-- testScripts.LoginTest -->
