<?xml version="1.0" encoding="UTF-8"?>
<!-- Generated by org.testng.reporters.JUnitReportReporter -->
<testsuite hostname="LAPTOP-JH1AORIL" failures="0" tests="1" name="testScripts.LoginTest" time="2.295" errors="0" timestamp="2025-09-25T22:32:00 IST" skipped="0">
  <testcase classname="testScripts.LoginTest" name="verifyWetherUserIsAbleToLoginWithInvalidUsernameAndInvalidPassword" time="2.295"/>
</testsuite> <!-- testScripts.LoginTest -->
